<?xml version="1.0" encoding="UTF-8"?>
<!-- Generated by org.testng.reporters.JUnitReportReporter -->
<testsuite hostname="DESKTOP-L4VD9FV" failures="0" tests="4" name="HTTPSRequest.HTTPSRequest" time="5.830" errors="0" timestamp="2025-11-01T22:53:58 IST" skipped="0">
  <testcase classname="HTTPSRequest.HTTPSRequest" name="getuser" time="4.052"/>
  <testcase classname="HTTPSRequest.HTTPSRequest" name="createUser" time="0.919"/>
  <testcase classname="HTTPSRequest.HTTPSRequest" name="UpdateUser" time="0.521"/>
  <testcase classname="HTTPSRequest.HTTPSRequest" name="deletuser" time="0.338"/>
</testsuite> <!-- HTTPSRequest.HTTPSRequest -->
