<?xml version="1.0" encoding="UTF-8"?>
<!-- Generated by org.testng.reporters.JUnitReportReporter -->
<testsuite hostname="DESKTOP-L4VD9FV" failures="0" tests="3" name="mpp.Mp.HTTPSRequest" time="6.126" errors="0" timestamp="2025-11-01T20:20:50 IST" skipped="0">
  <testcase classname="mpp.Mp.HTTPSRequest" name="getuser" time="4.865"/>
  <testcase classname="mpp.Mp.HTTPSRequest" name="createUser" time="0.853"/>
  <testcase classname="mpp.Mp.HTTPSRequest" name="UpdateUser" time="0.408"/>
</testsuite> <!-- mpp.Mp.HTTPSRequest -->
