<?xml version="1.0" encoding="UTF-8"?>
<!-- Generated by org.testng.reporters.JUnitReportReporter -->
<testsuite hostname="DESKTOP-L4VD9FV" failures="0" tests="4" name="LocalhostAPI.LocalhostAPI" time="5.368" errors="0" timestamp="2025-11-03T21:58:43 IST" skipped="0">
  <testcase classname="LocalhostAPI.LocalhostAPI" name="getReqquest" time="4.461"/>
  <testcase classname="LocalhostAPI.LocalhostAPI" name="CreateRequest" time="0.694"/>
  <testcase classname="LocalhostAPI.LocalhostAPI" name="PatchRequest" time="0.105"/>
  <testcase classname="LocalhostAPI.LocalhostAPI" name="deleteReqquest" time="0.108"/>
</testsuite> <!-- LocalhostAPI.LocalhostAPI -->
