<?xml version="1.0" encoding="UTF-8"?>
<!-- Generated by org.testng.reporters.JUnitXMLReporter -->
<testsuite ignored="0" hostname="DESKTOP-L4VD9FV" failures="0" tests="4" name="Default test" time="5.492" errors="0" timestamp="2025-11-03T21:58:43 IST">
  <testcase classname="LocalhostAPI.LocalhostAPI" name="getReqquest" time="4.461"/>
  <testcase classname="LocalhostAPI.LocalhostAPI" name="CreateRequest" time="0.694"/>
  <testcase classname="LocalhostAPI.LocalhostAPI" name="PatchRequest" time="0.105"/>
  <testcase classname="LocalhostAPI.LocalhostAPI" name="deleteReqquest" time="0.108"/>
</testsuite> <!-- Default test -->
